19.06.2016 14:15:14 Remote server returned error response 404 Not Found
19.06.2016 14:15:14 Failed to import Media: &quot;က&quot;. Message: Remote server returned error response 404 Not Found
19.06.2016 14:17:04 Remote server did not respond
19.06.2016 14:17:04 Failed to import Media: &quot;Children at birthday party&quot;. Message: Remote server did not respond
19.06.2016 14:17:04 Remote server did not respond
19.06.2016 14:17:04 Failed to import Media: &quot;Closeup on table decorated for children's party&quot;. Message: Remote server did not respond
19.06.2016 14:17:04 Remote server did not respond
19.06.2016 14:17:04 Failed to import Media: &quot;Desserts and Champagne for meeting participants&quot;. Message: Remote server did not respond
19.06.2016 14:17:04 Remote server did not respond
19.06.2016 14:17:04 Failed to import Media: &quot;Good cheer&quot;. Message: Remote server did not respond
19.06.2016 14:17:04 Remote server did not respond
19.06.2016 14:17:04 Failed to import Media: &quot;decoration of birthday party table with sweets for child&quot;. Message: Remote server did not respond
19.06.2016 14:17:04 Remote server did not respond
19.06.2016 14:17:04 Failed to import Media: &quot;decoration of birthday party table with sweets for child&quot;. Message: Remote server did not respond
19.06.2016 14:17:07 Remote server did not respond
19.06.2016 14:17:07 Failed to import Media: &quot;Birthday party&quot;. Message: Remote server did not respond
19.06.2016 14:17:07 Remote server did not respond
19.06.2016 14:17:07 Failed to import Media: &quot;Wedding ceremony in a beautiful garden&quot;. Message: Remote server did not respond
19.06.2016 14:17:07 Remote server did not respond
19.06.2016 14:17:07 Failed to import Media: &quot;birthday table&quot;. Message: Remote server did not respond
19.06.2016 14:17:07 Remote server did not respond
19.06.2016 14:17:07 Failed to import Media: &quot;Kids blowing candles on cake at  birthday party&quot;. Message: Remote server did not respond
19.06.2016 14:17:07 Remote server did not respond
19.06.2016 14:17:07 Failed to import Media: &quot;Two little kids dancing roundelay&quot;. Message: Remote server did not respond
19.06.2016 14:17:07 Remote server did not respond
19.06.2016 14:17:07 Failed to import Media: &quot;kids and clown at birthday party&quot;. Message: Remote server did not respond
19.06.2016 14:17:07 Remote server did not respond
19.06.2016 14:17:07 Failed to import Media: &quot;Table set for an event party or wedding reception&quot;. Message: Remote server did not respond
19.06.2016 14:17:07 Remote server did not respond
19.06.2016 14:17:07 Failed to import Media: &quot;Depositphotos_48484057_original&quot;. Message: Remote server did not respond
19.06.2016 14:17:07 Remote server did not respond
19.06.2016 14:17:07 Failed to import Media: &quot;wedding marquee with bouquets of roses&quot;. Message: Remote server did not respond
19.06.2016 14:17:07 Remote server did not respond
19.06.2016 14:17:07 Failed to import Media: &quot;50fd2b14-4f18-4fc4-ba08-45a81c0d6d71&quot;. Message: Remote server did not respond
19.06.2016 14:17:10 Remote server did not respond
19.06.2016 14:17:10 Failed to import Media: &quot;cab2c3ab-5f31-47ea-bcc1-5c34ad95dc17&quot;. Message: Remote server did not respond
19.06.2016 14:17:10 Remote server did not respond
19.06.2016 14:17:10 Failed to import Media: &quot;a21f4888-b892-4701-9162-536e2b78909b&quot;. Message: Remote server did not respond
19.06.2016 14:17:10 Remote server did not respond
19.06.2016 14:17:10 Failed to import Media: &quot;Maison Scotch sweatshirt-1&quot;. Message: Remote server did not respond
19.06.2016 14:17:24 Remote server did not respond
19.06.2016 14:17:24 Failed to import Media: &quot;Joyful friends&quot;. Message: Remote server did not respond
19.06.2016 14:17:24 Remote server did not respond
19.06.2016 14:17:24 Failed to import Media: &quot;7b270c3b-25a0-4be2-9c7d-2619db7b0ab7&quot;. Message: Remote server did not respond
19.06.2016 14:17:58 Remote server did not respond
19.06.2016 14:17:58 Failed to import Media: &quot;cab2c3ab-5f31-47ea-bcc1-5c34ad95dc17&quot;. Message: Remote server did not respond
19.06.2016 14:17:58 Remote server did not respond
19.06.2016 14:17:58 Failed to import Media: &quot;Table set for an event party or wedding reception&quot;. Message: Remote server did not respond
19.06.2016 14:17:58 Remote server did not respond
19.06.2016 14:17:58 Failed to import Media: &quot;wedding marquee with bouquets of roses&quot;. Message: Remote server did not respond
19.06.2016 14:17:58 Remote server did not respond
19.06.2016 14:17:58 Failed to import Media: &quot;Desserts and Champagne for meeting participants&quot;. Message: Remote server did not respond
19.06.2016 14:17:58 Remote server did not respond
19.06.2016 14:17:58 Failed to import Media: &quot;a21f4888-b892-4701-9162-536e2b78909b&quot;. Message: Remote server did not respond
19.06.2016 14:17:58 Remote server did not respond
19.06.2016 14:17:58 Failed to import Media: &quot;Good cheer&quot;. Message: Remote server did not respond
19.06.2016 14:17:58 Remote server did not respond
19.06.2016 14:17:58 Failed to import Media: &quot;Small jumping boy holding bunch of balloons&quot;. Message: Remote server did not respond
19.06.2016 14:17:58 Remote server did not respond
19.06.2016 14:17:58 Failed to import Media: &quot;Depositphotos_11340870_original&quot;. Message: Remote server did not respond
19.06.2016 14:17:58 Remote server did not respond
19.06.2016 14:17:58 Failed to import Media: &quot;Wedding ceremony in a beautiful garden&quot;. Message: Remote server did not respond
19.06.2016 14:18:01 Remote server did not respond
19.06.2016 14:18:01 Failed to import Media: &quot;Depositphotos_1134087dfg0_original&quot;. Message: Remote server did not respond
19.06.2016 14:18:01 Remote server did not respond
19.06.2016 14:18:01 Failed to import Media: &quot;er&quot;. Message: Remote server did not respond
19.06.2016 14:18:03 Remote server did not respond
19.06.2016 14:18:03 Failed to import Media: &quot;Rectangle 16 copy 2&quot;. Message: Remote server did not respond
19.06.2016 14:18:05 Remote server did not respond
19.06.2016 14:18:05 Failed to import Media: &quot;Relax&quot;. Message: Remote server did not respond
19.06.2016 14:18:05 Remote server did not respond
19.06.2016 14:18:05 Failed to import Media: &quot;chat-1&quot;. Message: Remote server did not respond
19.06.2016 14:18:05 Remote server did not respond
19.06.2016 14:18:05 Failed to import Media: &quot;chat-2&quot;. Message: Remote server did not respond
19.06.2016 14:18:09 Remote server did not respond
19.06.2016 14:18:09 Failed to import Media: &quot;Layer-471&quot;. Message: Remote server did not respond
19.06.2016 14:18:26 Remote server did not respond
19.06.2016 14:18:26 Failed to import Media: &quot;Depositphotos_11153356_original&quot;. Message: Remote server did not respond
19.06.2016 14:18:26 Remote server did not respond
19.06.2016 14:18:26 Failed to import Media: &quot;01_Home_Page3_Social&quot;. Message: Remote server did not respond
19.06.2016 14:18:26 Remote server did not respond
19.06.2016 14:18:26 Failed to import Media: &quot;Depositphotos_11153356_original1&quot;. Message: Remote server did not respond
19.06.2016 14:18:27 Remote server did not respond
19.06.2016 14:18:27 Failed to import Media: &quot;Layer-91&quot;. Message: Remote server did not respond
19.06.2016 14:18:40 Remote server did not respond
19.06.2016 14:18:40 Failed to import Media: &quot;Layer-94&quot;. Message: Remote server did not respond
19.06.2016 14:18:40 Remote server did not respond
19.06.2016 14:18:40 Failed to import Media: &quot;Layer-92&quot;. Message: Remote server did not respond
19.06.2016 14:18:40 Remote server did not respond
19.06.2016 14:18:40 Failed to import Media: &quot;Layer-93&quot;. Message: Remote server did not respond
19.06.2016 14:18:40 Remote server did not respond
19.06.2016 14:18:40 Failed to import Media: &quot;Layer-95&quot;. Message: Remote server did not respond
19.06.2016 14:18:40 Remote server did not respond
19.06.2016 14:18:40 Failed to import Media: &quot;Layer-96&quot;. Message: Remote server did not respond
19.06.2016 14:18:40 Remote server did not respond
19.06.2016 14:18:40 Failed to import Media: &quot;Layer-97&quot;. Message: Remote server did not respond
19.06.2016 14:18:40 Remote server did not respond
19.06.2016 14:18:40 Failed to import Media: &quot;Depositphotos_1134087022_original&quot;. Message: Remote server did not respond
19.06.2016 14:18:40 Remote server did not respond
19.06.2016 14:18:40 Failed to import Media: &quot;bg-Rectangle-16-copy&quot;. Message: Remote server did not respond
19.06.2016 14:18:52 Remote server did not respond
19.06.2016 14:18:52 Failed to import Media: &quot;Layer-81&quot;. Message: Remote server did not respond
19.06.2016 14:18:52 Remote server did not respond
19.06.2016 14:18:52 Failed to import Media: &quot;Layer-82&quot;. Message: Remote server did not respond
19.06.2016 14:18:52 Remote server did not respond
19.06.2016 14:18:52 Failed to import Media: &quot;Layer-8&quot;. Message: Remote server did not respond
19.06.2016 14:18:52 Remote server did not respond
19.06.2016 14:18:52 Failed to import Media: &quot;Layer-812&quot;. Message: Remote server did not respond
19.06.2016 14:18:52 Remote server did not respond
19.06.2016 14:18:52 Failed to import Media: &quot;Layer-823&quot;. Message: Remote server did not respond
19.06.2016 14:19:06 Remote server did not respond
19.06.2016 14:19:06 Failed to import Media: &quot;Layer-49&quot;. Message: Remote server did not respond
19.06.2016 14:19:20 Remote server did not respond
19.06.2016 14:19:20 Failed to import Media: &quot;Rectangle-16-copy&quot;. Message: Remote server did not respond
19.06.2016 14:19:23 Remote server did not respond
19.06.2016 14:19:23 Failed to import Media: &quot;Rectangle-16-copy&quot;. Message: Remote server did not respond
19.06.2016 14:19:32 Remote server did not respond
19.06.2016 14:19:32 Failed to import Media: &quot;testimonial-1&quot;. Message: Remote server did not respond
19.06.2016 14:19:35 Remote server did not respond
19.06.2016 14:19:35 Failed to import Media: &quot;testimonial-2&quot;. Message: Remote server did not respond
19.06.2016 14:19:35 Remote server did not respond
19.06.2016 14:19:35 Failed to import Media: &quot;testimonial-3&quot;. Message: Remote server did not respond
19.06.2016 14:19:35 Remote server did not respond
19.06.2016 14:19:35 Failed to import Media: &quot;testimonial-4&quot;. Message: Remote server did not respond
19.06.2016 14:19:35 Remote server did not respond
19.06.2016 14:19:35 Failed to import Media: &quot;Birthday party&quot;. Message: Remote server did not respond
19.06.2016 14:20:05 Remote server did not respond
19.06.2016 14:20:05 Failed to import Media: &quot;Happy Young Couple in Love&quot;. Message: Remote server did not respond
19.06.2016 14:20:05 Remote server did not respond
19.06.2016 14:20:05 Failed to import Media: &quot;Kids blowing candles on cake at  birthday party&quot;. Message: Remote server did not respond
19.06.2016 14:20:08 Remote server did not respond
19.06.2016 14:20:08 Failed to import Media: &quot;birthday table&quot;. Message: Remote server did not respond
19.06.2016 14:20:09 Remote server did not respond
19.06.2016 14:20:09 Failed to import Media: &quot;Closeup on table decorated for baby birthday party&quot;. Message: Remote server did not respond
19.06.2016 14:20:09 Remote server did not respond
19.06.2016 14:20:09 Failed to import Media: &quot;Celebration cupcake with sparkler&quot;. Message: Remote server did not respond
19.06.2016 14:20:09 Remote server did not respond
19.06.2016 14:20:09 Failed to import Media: &quot;Children at birthday party&quot;. Message: Remote server did not respond
19.06.2016 14:20:24 Remote server did not respond
19.06.2016 14:20:24 Failed to import Media: &quot;table with food and drink&quot;. Message: Remote server did not respond
19.06.2016 14:20:24 Remote server did not respond
19.06.2016 14:20:24 Failed to import Media: &quot;coctail and banquet catering party event&quot;. Message: Remote server did not respond
19.06.2016 14:20:24 Remote server did not respond
19.06.2016 14:20:24 Failed to import Media: &quot;Waitress carrying two plates with meat dish&quot;. Message: Remote server did not respond
19.06.2016 14:20:24 Remote server did not respond
19.06.2016 14:20:24 Failed to import Media: &quot;home4-4&quot;. Message: Remote server did not respond
19.06.2016 14:20:24 Remote server did not respond
19.06.2016 14:20:24 Failed to import Media: &quot;team-1&quot;. Message: Remote server did not respond
19.06.2016 14:20:25 Remote server did not respond
19.06.2016 14:20:25 Failed to import Media: &quot;team-2&quot;. Message: Remote server did not respond
19.06.2016 14:20:25 Remote server did not respond
19.06.2016 14:20:25 Failed to import Media: &quot;team-3&quot;. Message: Remote server did not respond
19.06.2016 14:20:25 Remote server did not respond
19.06.2016 14:20:25 Failed to import Media: &quot;team_small-3&quot;. Message: Remote server did not respond
19.06.2016 14:20:29 Remote server did not respond
19.06.2016 14:20:29 Failed to import Media: &quot;team_small-1&quot;. Message: Remote server did not respond
19.06.2016 14:20:29 Remote server did not respond
19.06.2016 14:20:29 Failed to import Media: &quot;team_small-2&quot;. Message: Remote server did not respond
19.06.2016 14:20:30 Remote server did not respond
19.06.2016 14:20:30 Failed to import Media: &quot;3docean&quot;. Message: Remote server did not respond
19.06.2016 14:20:30 Remote server did not respond
19.06.2016 14:20:30 Failed to import Media: &quot;activeden&quot;. Message: Remote server did not respond
19.06.2016 14:20:30 Remote server did not respond
19.06.2016 14:20:30 Failed to import Media: &quot;audiojingle&quot;. Message: Remote server did not respond
19.06.2016 14:20:30 Remote server did not respond
19.06.2016 14:20:30 Failed to import Media: &quot;codecanyon&quot;. Message: Remote server did not respond
19.06.2016 14:20:30 Remote server did not respond
19.06.2016 14:20:30 Failed to import Media: &quot;graphicriver&quot;. Message: Remote server did not respond
19.06.2016 14:20:30 Remote server did not respond
19.06.2016 14:20:30 Failed to import Media: &quot;photodune&quot;. Message: Remote server did not respond
19.06.2016 14:20:30 Remote server did not respond
19.06.2016 14:20:30 Failed to import Media: &quot;videohive&quot;. Message: Remote server did not respond
19.06.2016 14:20:37 Remote server did not respond
19.06.2016 14:20:37 Failed to import Media: &quot;nica_dark&quot;. Message: Remote server did not respond
19.06.2016 14:20:37 Remote server did not respond
19.06.2016 14:20:37 Failed to import Media: &quot;nica_white&quot;. Message: Remote server did not respond
19.06.2016 14:20:39 Remote server did not respond
19.06.2016 14:20:39 Failed to import Media: &quot;ico&quot;. Message: Remote server did not respond
19.06.2016 14:22:54 AJAX handler for importer
19.06.2016 14:22:54 Dispatch action: import_tpl
19.06.2016 14:22:54 Import Templates Options
19.06.2016 14:22:54 AJAX handler finished - send results to client
19.06.2016 14:22:55 AJAX handler for importer
19.06.2016 14:22:55 Dispatch action: import_widgets
19.06.2016 14:22:55 Import Widgets
19.06.2016 14:22:57 AJAX handler finished - send results to client
19.06.2016 14:22:58 AJAX handler for importer
19.06.2016 14:22:58 Dispatch action: import_essgrids
19.06.2016 14:22:58 Import Essential Grid
19.06.2016 14:22:58 Process file &quot;ess_grid.json&quot;:
19.06.2016 14:23:02 Essential Grid import complete
19.06.2016 14:23:02 AJAX handler finished - send results to client
19.06.2016 14:23:03 AJAX handler for importer
19.06.2016 14:23:03 Dispatch action: import_revslider
19.06.2016 14:23:03 Import Revolution sliders
19.06.2016 14:23:03 Process slider &quot;homepage1.zip&quot;
19.06.2016 14:23:23 Slider &quot;homepage1.zip&quot; imported
19.06.2016 14:23:23 AJAX handler finished - send results to client
19.06.2016 14:23:27 AJAX handler for importer
19.06.2016 14:23:27 Dispatch action: import_revslider
19.06.2016 14:23:27 Import Revolution sliders
19.06.2016 14:23:27 Process slider &quot;homepage2.zip&quot;
19.06.2016 14:23:46 Slider &quot;homepage2.zip&quot; imported
19.06.2016 14:23:46 AJAX handler finished - send results to client
19.06.2016 14:23:49 AJAX handler for importer
19.06.2016 14:23:49 Dispatch action: import_revslider
19.06.2016 14:23:49 Import Revolution sliders
19.06.2016 14:23:49 Process slider &quot;homepage4.zip&quot;
19.06.2016 14:24:08 Slider &quot;homepage4.zip&quot; imported
19.06.2016 14:24:08 AJAX handler finished - send results to client
19.06.2016 14:24:11 AJAX handler for importer
19.06.2016 14:24:11 Dispatch action: import_end
19.06.2016 14:24:12 AJAX handler finished - send results to client
